<?xml version="1.0" encoding="UTF-8"?>
<testsuite xmlns:xsi="http://www.w3.org/2001/XMLSchema-instance" xsi:noNamespaceSchemaLocation="https://maven.apache.org/surefire/maven-surefire-plugin/xsd/surefire-test-report.xsd" name="Runner2Test" time="22.909" tests="4" errors="0" skipped="0" failures="0">
  <properties>
[...]
</properties>
  <testcase name="Given Wait for Seconds &quot;1&quot;." classname="Scenario: Test Scenario2" time="0.002"/>
  <testcase name="When Open URL &quot;https://Google.com&quot;." classname="Scenario: Test Scenario2" time="0"/>
  <testcase name="When Wait for Seconds &quot;3&quot;." classname="Scenario: Test Scenario2" time="0"/>
  <testcase name="Scenario: Test Scenario2" classname="Scenario: Test Scenario2" time="0.186"/>
</testsuite>